Begin xml file loading. 10:03:36
Loading Location 001 Components...
Loading Location 001 Components... Done.
Loading Location 001 - 561 mixes.
Loading Location 001 mixes....Done
Loading Location 001 Plant...
Loading Location 001 Plant... Done.
Loading Location 002 Components...
Loading Location 002 Components... Done.
Loading Location 002 - 562 mixes.
Loading Location 002 mixes....Done
Loading Location 002 Plant...
Loading Location 002 Plant... Done.
Loading Location 003 Components...
Loading Location 003 Components... Done.
Loading Location 003 - 534 mixes.
Loading Location 003 mixes....Done
Loading Location 003 Plant...
Loading Location 003 Plant... Done.
Loading Location 004 Components...
Loading Location 004 Components... Done.
Loading Location 004 - 247 mixes.
Loading Location 004 mixes....Done
Loading Location 004 Plant...
Loading Location 004 Plant... Done.
Loading Location 005 Components...
Loading Location 005 Components... Done.
Loading Location 005 - 132 mixes.
Loading Location 005 mixes....Done
Loading Location 005 Plant...
Loading Location 005 Plant... Done.
Loading Location 006 Components...
Loading Location 006 Components... Done.
Loading Location 006 - 44 mixes.
Loading Location 006 mixes....Done
Loading Location 006 Plant...
Loading Location 006 Plant... Done.
Finished file loading. 10:04:15
